<?xml version="1.0" encoding="UTF-8"?>
<testsuites name="jest tests" tests="8" failures="0" errors="0" time="5.079">
  <testsuite name="Integration Tests" errors="0" failures="0" skipped="0" timestamp="2025-10-16T14:16:56" time="0.822" tests="4">
    <testcase classname="Integration Tests-should have fetch available for API calls" name="Integration Tests-should have fetch available for API calls" time="0.002">
    </testcase>
    <testcase classname="Integration Tests-should handle API call structure" name="Integration Tests-should handle API call structure" time="0.001">
    </testcase>
    <testcase classname="Integration Tests-should handle environment variables" name="Integration Tests-should handle environment variables" time="0">
    </testcase>
    <testcase classname="Integration Tests-renders app without crashing" name="Integration Tests-renders app without crashing" time="0">
    </testcase>
  </testsuite>
  <testsuite name="Header Component" errors="0" failures="0" skipped="0" timestamp="2025-10-16T14:16:57" time="0.108" tests="2">
    <testcase classname="Header Component-should pass basic test setup" name="Header Component-should pass basic test setup" time="0.001">
    </testcase>
    <testcase classname="Header Component-should have access to DOM environment" name="Header Component-should have access to DOM environment" time="0">
    </testcase>
  </testsuite>
  <testsuite name="ImageCard Component" errors="0" failures="0" skipped="0" timestamp="2025-10-16T14:16:57" time="0.081" tests="2">
    <testcase classname="ImageCard Component-should pass basic test setup" name="ImageCard Component-should pass basic test setup" time="0.001">
    </testcase>
    <testcase classname="ImageCard Component-should handle test data structures" name="ImageCard Component-should handle test data structures" time="0">
    </testcase>
  </testsuite>
</testsuites>